foo20.300000000000004foo20.1foo20.200000000000003foo20.300000000000004foo20.400000000000006foo20.500000000000007foo20.60000000000001foo20.70000000000001foo20.80000000000001foo20.900000000000013foo21.000000000000014Temperature
Temperature
Temperature
Temperature
Temperature
Temperature
Temperature
Temperature
Temperature
Temperature
Temperature
Temperature
Temperature
Temperature
Temperature
Temperature
foo,12,bar
foo,12,bar
foo,12,bar
foo,12,bar
foo,12,bar
foo,12,bar
foo,12,bar
foo,12,bar
foo,12,bar
foo,12,bar
foo,12,bar
dict_values([20.1])
dict_values([20.200000000000003])
dict_values([20.300000000000004])
dict_values([20.400000000000006])
dict_values([20.500000000000007])
dict_values([20.60000000000001])
dict_values([20.70000000000001])
dict_values([20.80000000000001])
{'Temperature': 20.1}
{'Temperature': 20.200000000000003}
{'Temperature': 20.300000000000004}
{'Temperature': 20.400000000000006}
{'Temperature': 20.500000000000007}
{'Temperature': 20.60000000000001}
{'Temperature': 20.70000000000001}
{'Temperature': 20.80000000000001}
{'Temperature': 20.900000000000013}
{'Temperature': 21.000000000000014}
{'Temperature': 21.100000000000016}
"dict_items([('Temperature', 20.1)])"
"dict_items([('Temperature', 20.200000000000003)])"
"dict_items([('Temperature', 20.300000000000004)])"
"dict_items([('Temperature', 20.400000000000006)])"
"dict_items([('Temperature', 20.500000000000007)])"
"dict_items([('Temperature', 20.60000000000001)])"
"dict_items([('Temperature', 20.70000000000001)])"
"dict_items([('Temperature', 20.80000000000001)])"
"dict_items([('Temperature', 20.900000000000013)])"
"dict_items([('Temperature', 21.000000000000014)])"
20.1
20.200000000000003
20.300000000000004
20.400000000000006
20.500000000000007
20.60000000000001
20.70000000000001
20.80000000000001
20.900000000000013
21.000000000000014
21.100000000000016
21.200000000000017
21.30000000000002
21.40000000000002
21.50000000000002
80,20.1
80,20.200000000000003
80,20.300000000000004
80,20.400000000000006
80,20.500000000000007
80,20.60000000000001
80,20.70000000000001
80,20.80000000000001
80,20.900000000000013
80,21.000000000000014
80,21.100000000000016
80,21.200000000000017
20.1,0
20.200000000000003,0
20.300000000000004,0
20.400000000000006,0
20.500000000000007,0
20.60000000000001,0
20.70000000000001,0
20.80000000000001,0
20.900000000000013,0
21.000000000000014,0
21.100000000000016,0
21.200000000000017,0
21.30000000000002,0
